[0.667s] Invoking command in '/home/sekitorimisaki/ros2_ws/src/mypkg': PYTHONPATH=/home/sekitorimisaki/ros2_ws/src/install/mypkg/lib/python3.8/site-packages:${PYTHONPATH} /usr/bin/python3 setup.py egg_info --egg-base ../build/mypkg build --build-base /home/sekitorimisaki/ros2_ws/src/build/mypkg/build install --prefix /home/sekitorimisaki/ros2_ws/src/install/mypkg --record /home/sekitorimisaki/ros2_ws/src/build/mypkg/install.log --single-version-externally-managed
[0.886s] running egg_info
[0.886s] writing ../build/mypkg/mypkg.egg-info/PKG-INFO
[0.887s] writing dependency_links to ../build/mypkg/mypkg.egg-info/dependency_links.txt
[0.887s] writing entry points to ../build/mypkg/mypkg.egg-info/entry_points.txt
[0.887s] writing requirements to ../build/mypkg/mypkg.egg-info/requires.txt
[0.887s] writing top-level names to ../build/mypkg/mypkg.egg-info/top_level.txt
[0.926s] reading manifest file '../build/mypkg/mypkg.egg-info/SOURCES.txt'
[0.927s] writing manifest file '../build/mypkg/mypkg.egg-info/SOURCES.txt'
[0.927s] running build
[0.927s] running build_py
[0.927s] copying mypkg/listener.py -> /home/sekitorimisaki/ros2_ws/src/build/mypkg/build/lib/mypkg
[0.928s] running install
[0.929s] running install_lib
[0.930s] copying /home/sekitorimisaki/ros2_ws/src/build/mypkg/build/lib/mypkg/listener.py -> /home/sekitorimisaki/ros2_ws/src/install/mypkg/lib/python3.8/site-packages/mypkg
[0.930s] byte-compiling /home/sekitorimisaki/ros2_ws/src/install/mypkg/lib/python3.8/site-packages/mypkg/listener.py to listener.cpython-38.pyc
[0.932s] running install_data
[0.933s] copying package.xml -> /home/sekitorimisaki/ros2_ws/src/install/mypkg/share/mypkg
[0.933s] running install_egg_info
[0.934s] removing '/home/sekitorimisaki/ros2_ws/src/install/mypkg/lib/python3.8/site-packages/mypkg-0.0.0-py3.8.egg-info' (and everything under it)
[0.935s] Copying ../build/mypkg/mypkg.egg-info to /home/sekitorimisaki/ros2_ws/src/install/mypkg/lib/python3.8/site-packages/mypkg-0.0.0-py3.8.egg-info
[0.936s] running install_scripts
[0.953s] Installing listener script to /home/sekitorimisaki/ros2_ws/src/install/mypkg/lib/mypkg
[0.953s] Installing talker script to /home/sekitorimisaki/ros2_ws/src/install/mypkg/lib/mypkg
[0.954s] writing list of installed files to '/home/sekitorimisaki/ros2_ws/src/build/mypkg/install.log'
[0.982s] Invoked command in '/home/sekitorimisaki/ros2_ws/src/mypkg' returned '0': PYTHONPATH=/home/sekitorimisaki/ros2_ws/src/install/mypkg/lib/python3.8/site-packages:${PYTHONPATH} /usr/bin/python3 setup.py egg_info --egg-base ../build/mypkg build --build-base /home/sekitorimisaki/ros2_ws/src/build/mypkg/build install --prefix /home/sekitorimisaki/ros2_ws/src/install/mypkg --record /home/sekitorimisaki/ros2_ws/src/build/mypkg/install.log --single-version-externally-managed
