[0.657s] Invoking command in '/home/sekitorimisaki/ros2_ws/src/mypkg': PYTHONPATH=/home/sekitorimisaki/ros2_ws/src/mypkg/install/mypkg/lib/python3.8/site-packages:${PYTHONPATH} /usr/bin/python3 setup.py egg_info --egg-base build/mypkg build --build-base /home/sekitorimisaki/ros2_ws/src/mypkg/build/mypkg/build install --prefix /home/sekitorimisaki/ros2_ws/src/mypkg/install/mypkg --record /home/sekitorimisaki/ros2_ws/src/mypkg/build/mypkg/install.log --single-version-externally-managed
[0.852s] running egg_info
[0.852s] creating build/mypkg/mypkg.egg-info
[0.852s] writing build/mypkg/mypkg.egg-info/PKG-INFO
[0.852s] writing dependency_links to build/mypkg/mypkg.egg-info/dependency_links.txt
[0.853s] writing entry points to build/mypkg/mypkg.egg-info/entry_points.txt
[0.853s] writing requirements to build/mypkg/mypkg.egg-info/requires.txt
[0.853s] writing top-level names to build/mypkg/mypkg.egg-info/top_level.txt
[0.854s] writing manifest file 'build/mypkg/mypkg.egg-info/SOURCES.txt'
[0.882s] reading manifest file 'build/mypkg/mypkg.egg-info/SOURCES.txt'
[0.883s] writing manifest file 'build/mypkg/mypkg.egg-info/SOURCES.txt'
[0.884s] running build
[0.884s] running build_py
[0.884s] creating /home/sekitorimisaki/ros2_ws/src/mypkg/build/mypkg/build
[0.884s] creating /home/sekitorimisaki/ros2_ws/src/mypkg/build/mypkg/build/lib
[0.884s] creating /home/sekitorimisaki/ros2_ws/src/mypkg/build/mypkg/build/lib/mypkg
[0.884s] copying mypkg/talker.py -> /home/sekitorimisaki/ros2_ws/src/mypkg/build/mypkg/build/lib/mypkg
[0.884s] copying mypkg/listner.py -> /home/sekitorimisaki/ros2_ws/src/mypkg/build/mypkg/build/lib/mypkg
[0.884s] copying mypkg/__init__.py -> /home/sekitorimisaki/ros2_ws/src/mypkg/build/mypkg/build/lib/mypkg
[0.885s] running install
[0.885s] running install_lib
[0.886s] creating /home/sekitorimisaki/ros2_ws/src/mypkg/install/mypkg/lib/python3.8/site-packages/mypkg
[0.886s] copying /home/sekitorimisaki/ros2_ws/src/mypkg/build/mypkg/build/lib/mypkg/talker.py -> /home/sekitorimisaki/ros2_ws/src/mypkg/install/mypkg/lib/python3.8/site-packages/mypkg
[0.886s] copying /home/sekitorimisaki/ros2_ws/src/mypkg/build/mypkg/build/lib/mypkg/listner.py -> /home/sekitorimisaki/ros2_ws/src/mypkg/install/mypkg/lib/python3.8/site-packages/mypkg
[0.886s] copying /home/sekitorimisaki/ros2_ws/src/mypkg/build/mypkg/build/lib/mypkg/__init__.py -> /home/sekitorimisaki/ros2_ws/src/mypkg/install/mypkg/lib/python3.8/site-packages/mypkg
[0.887s] byte-compiling /home/sekitorimisaki/ros2_ws/src/mypkg/install/mypkg/lib/python3.8/site-packages/mypkg/talker.py to talker.cpython-38.pyc
[0.888s] byte-compiling /home/sekitorimisaki/ros2_ws/src/mypkg/install/mypkg/lib/python3.8/site-packages/mypkg/listner.py to listner.cpython-38.pyc
[0.888s] byte-compiling /home/sekitorimisaki/ros2_ws/src/mypkg/install/mypkg/lib/python3.8/site-packages/mypkg/__init__.py to __init__.cpython-38.pyc
[0.888s] running install_data
[0.889s] creating /home/sekitorimisaki/ros2_ws/src/mypkg/install/mypkg/share/ament_index
[0.889s] creating /home/sekitorimisaki/ros2_ws/src/mypkg/install/mypkg/share/ament_index/resource_index
[0.889s] creating /home/sekitorimisaki/ros2_ws/src/mypkg/install/mypkg/share/ament_index/resource_index/packages
[0.889s] copying resource/mypkg -> /home/sekitorimisaki/ros2_ws/src/mypkg/install/mypkg/share/ament_index/resource_index/packages
[0.889s] copying package.xml -> /home/sekitorimisaki/ros2_ws/src/mypkg/install/mypkg/share/mypkg
[0.889s] running install_egg_info
[0.891s] Copying build/mypkg/mypkg.egg-info to /home/sekitorimisaki/ros2_ws/src/mypkg/install/mypkg/lib/python3.8/site-packages/mypkg-0.0.0-py3.8.egg-info
[0.891s] running install_scripts
[0.909s] Installing listener script to /home/sekitorimisaki/ros2_ws/src/mypkg/install/mypkg/lib/mypkg
[0.909s] Installing talker script to /home/sekitorimisaki/ros2_ws/src/mypkg/install/mypkg/lib/mypkg
[0.909s] writing list of installed files to '/home/sekitorimisaki/ros2_ws/src/mypkg/build/mypkg/install.log'
[0.933s] Invoked command in '/home/sekitorimisaki/ros2_ws/src/mypkg' returned '0': PYTHONPATH=/home/sekitorimisaki/ros2_ws/src/mypkg/install/mypkg/lib/python3.8/site-packages:${PYTHONPATH} /usr/bin/python3 setup.py egg_info --egg-base build/mypkg build --build-base /home/sekitorimisaki/ros2_ws/src/mypkg/build/mypkg/build install --prefix /home/sekitorimisaki/ros2_ws/src/mypkg/install/mypkg --record /home/sekitorimisaki/ros2_ws/src/mypkg/build/mypkg/install.log --single-version-externally-managed
