[0.622s] Invoking command in '/home/sekitorimisaki/ros2_ws/src/mypkg': PYTHONPATH=/home/sekitorimisaki/ros2_ws/src/install/mypkg/lib/python3.8/site-packages:${PYTHONPATH} /usr/bin/python3 setup.py egg_info --egg-base ../build/mypkg build --build-base /home/sekitorimisaki/ros2_ws/src/build/mypkg/build install --prefix /home/sekitorimisaki/ros2_ws/src/install/mypkg --record /home/sekitorimisaki/ros2_ws/src/build/mypkg/install.log --single-version-externally-managed
[0.827s] running egg_info
[0.827s] creating ../build/mypkg/mypkg.egg-info
[0.828s] writing ../build/mypkg/mypkg.egg-info/PKG-INFO
[0.828s] writing dependency_links to ../build/mypkg/mypkg.egg-info/dependency_links.txt
[0.828s] writing entry points to ../build/mypkg/mypkg.egg-info/entry_points.txt
[0.828s] writing requirements to ../build/mypkg/mypkg.egg-info/requires.txt
[0.828s] writing top-level names to ../build/mypkg/mypkg.egg-info/top_level.txt
[0.829s] writing manifest file '../build/mypkg/mypkg.egg-info/SOURCES.txt'
[0.865s] reading manifest file '../build/mypkg/mypkg.egg-info/SOURCES.txt'
[0.866s] writing manifest file '../build/mypkg/mypkg.egg-info/SOURCES.txt'
[0.866s] running build
[0.866s] running build_py
[0.866s] creating /home/sekitorimisaki/ros2_ws/src/build/mypkg/build
[0.866s] creating /home/sekitorimisaki/ros2_ws/src/build/mypkg/build/lib
[0.867s] creating /home/sekitorimisaki/ros2_ws/src/build/mypkg/build/lib/mypkg
[0.867s] copying mypkg/talker.py -> /home/sekitorimisaki/ros2_ws/src/build/mypkg/build/lib/mypkg
[0.867s] copying mypkg/listener.py -> /home/sekitorimisaki/ros2_ws/src/build/mypkg/build/lib/mypkg
[0.867s] copying mypkg/__init__.py -> /home/sekitorimisaki/ros2_ws/src/build/mypkg/build/lib/mypkg
[0.867s] running install
[0.868s] running install_lib
[0.868s] creating /home/sekitorimisaki/ros2_ws/src/install/mypkg/lib/python3.8/site-packages/mypkg
[0.869s] copying /home/sekitorimisaki/ros2_ws/src/build/mypkg/build/lib/mypkg/talker.py -> /home/sekitorimisaki/ros2_ws/src/install/mypkg/lib/python3.8/site-packages/mypkg
[0.869s] copying /home/sekitorimisaki/ros2_ws/src/build/mypkg/build/lib/mypkg/listener.py -> /home/sekitorimisaki/ros2_ws/src/install/mypkg/lib/python3.8/site-packages/mypkg
[0.869s] copying /home/sekitorimisaki/ros2_ws/src/build/mypkg/build/lib/mypkg/__init__.py -> /home/sekitorimisaki/ros2_ws/src/install/mypkg/lib/python3.8/site-packages/mypkg
[0.869s] byte-compiling /home/sekitorimisaki/ros2_ws/src/install/mypkg/lib/python3.8/site-packages/mypkg/talker.py to talker.cpython-38.pyc
[0.870s] byte-compiling /home/sekitorimisaki/ros2_ws/src/install/mypkg/lib/python3.8/site-packages/mypkg/listener.py to listener.cpython-38.pyc
[0.871s] byte-compiling /home/sekitorimisaki/ros2_ws/src/install/mypkg/lib/python3.8/site-packages/mypkg/__init__.py to __init__.cpython-38.pyc
[0.871s] running install_data
[0.871s] creating /home/sekitorimisaki/ros2_ws/src/install/mypkg/share/ament_index
[0.872s] creating /home/sekitorimisaki/ros2_ws/src/install/mypkg/share/ament_index/resource_index
[0.872s] creating /home/sekitorimisaki/ros2_ws/src/install/mypkg/share/ament_index/resource_index/packages
[0.872s] copying resource/mypkg -> /home/sekitorimisaki/ros2_ws/src/install/mypkg/share/ament_index/resource_index/packages
[0.872s] copying package.xml -> /home/sekitorimisaki/ros2_ws/src/install/mypkg/share/mypkg
[0.872s] running install_egg_info
[0.874s] Copying ../build/mypkg/mypkg.egg-info to /home/sekitorimisaki/ros2_ws/src/install/mypkg/lib/python3.8/site-packages/mypkg-0.0.0-py3.8.egg-info
[0.874s] running install_scripts
[0.891s] Installing listener script to /home/sekitorimisaki/ros2_ws/src/install/mypkg/lib/mypkg
[0.891s] Installing talker script to /home/sekitorimisaki/ros2_ws/src/install/mypkg/lib/mypkg
[0.892s] writing list of installed files to '/home/sekitorimisaki/ros2_ws/src/build/mypkg/install.log'
[0.913s] Invoked command in '/home/sekitorimisaki/ros2_ws/src/mypkg' returned '0': PYTHONPATH=/home/sekitorimisaki/ros2_ws/src/install/mypkg/lib/python3.8/site-packages:${PYTHONPATH} /usr/bin/python3 setup.py egg_info --egg-base ../build/mypkg build --build-base /home/sekitorimisaki/ros2_ws/src/build/mypkg/build install --prefix /home/sekitorimisaki/ros2_ws/src/install/mypkg --record /home/sekitorimisaki/ros2_ws/src/build/mypkg/install.log --single-version-externally-managed
